2021-01-25T12:19:07+00:00 CRITICAL Uncaught Error: Class 'Elementor\Plugin' not found in /home3/xsn9lkex/embajadores.projectsw2t.net/wp-content/plugins/vizeon-themer/posttypes/header.php:80
Stack trace:
#0 /home3/xsn9lkex/embajadores.projectsw2t.net/wp-content/themes/vizeon/header-builder.php(40): Gavias_Themer_Header->render_header_builder('header-1')
#1 /home3/xsn9lkex/embajadores.projectsw2t.net/wp-includes/template.php(732): require('/home3/xsn9lkex...')
#2 /home3/xsn9lkex/embajadores.projectsw2t.net/wp-includes/template.php(676): load_template('/home3/xsn9lkex...', false, Array)
#3 /home3/xsn9lkex/embajadores.projectsw2t.net/wp-includes/general-template.php(204): locate_template(Array, true, false, Array)
#4 /home3/xsn9lkex/embajadores.projectsw2t.net/wp-content/themes/vizeon/header.php(14): get_template_part('header', 'builder')
#5 /home3/xsn9lkex/embajadores.projectsw2t.net/wp-includes/template.php(730): require_once('/home3/xsn9lkex...')
#6 /home3/xsn9lkex/embajadores.projectsw2t.net/wp-includes/template.php(676): load_template('/home3 en /home3/xsn9lkex/embajadores.projectsw2t.net/wp-content/plugins/vizeon-themer/posttypes/header.php en la línea 80

2021-01-25T12:47:17+00:00 CRITICAL Maximum execution time of 30 seconds exceeded en /home3/xsn9lkex/embajadores.projectsw2t.net/wp-includes/class-wp-image-editor-imagick.php en la línea 354

2021-01-25T16:18:02+00:00 CRITICAL Uncaught Error: Class 'OfertasStore' not found in /home3/xsn9lkex/embajadores.projectsw2t.net/wp-content/themes/vizeon/functions.php:372
Stack trace:
#0 /home3/xsn9lkex/embajadores.projectsw2t.net/wp-includes/shortcodes.php(343): ofertas_datatable_shortcode('', '', 'ofertas_datatab...')
#1 [internal function]: do_shortcode_tag(Array)
#2 /home3/xsn9lkex/embajadores.projectsw2t.net/wp-includes/shortcodes.php(218): preg_replace_callback('/\\[(\\[?)(oferta...', 'do_shortcode_ta...', '<!doctype html>...')
#3 /home3/xsn9lkex/embajadores.projectsw2t.net/wp-content/plugins/elementor/includes/widgets/shortcode.php(130): do_shortcode('<!doctype html>...')
#4 /home3/xsn9lkex/embajadores.projectsw2t.net/wp-content/plugins/elementor/includes/base/controls-stack.php(1894): Elementor\Widget_Shortcode->render()
#5 /home3/xsn9lkex/embajadores.projectsw2t.net/wp-content/plugins/elementor/includes/base/widget-base.php(530): Elementor\Controls_Stack->render_by_mode()
#6 /home3/xsn9lkex/embajadores.projectsw2t.net/wp-content/plug en /home3/xsn9lkex/embajadores.projectsw2t.net/wp-content/themes/vizeon/functions.php en la línea 372

2021-01-25T16:18:09+00:00 CRITICAL Uncaught Error: Class 'OfertasStore' not found in /home3/xsn9lkex/embajadores.projectsw2t.net/wp-content/themes/vizeon/functions.php:372
Stack trace:
#0 /home3/xsn9lkex/embajadores.projectsw2t.net/wp-includes/shortcodes.php(343): ofertas_datatable_shortcode('', '', 'ofertas_datatab...')
#1 [internal function]: do_shortcode_tag(Array)
#2 /home3/xsn9lkex/embajadores.projectsw2t.net/wp-includes/shortcodes.php(218): preg_replace_callback('/\\[(\\[?)(oferta...', 'do_shortcode_ta...', '<!doctype html>...')
#3 /home3/xsn9lkex/embajadores.projectsw2t.net/wp-content/plugins/elementor/includes/widgets/shortcode.php(130): do_shortcode('<!doctype html>...')
#4 /home3/xsn9lkex/embajadores.projectsw2t.net/wp-content/plugins/elementor/includes/base/controls-stack.php(1894): Elementor\Widget_Shortcode->render()
#5 /home3/xsn9lkex/embajadores.projectsw2t.net/wp-content/plugins/elementor/includes/base/widget-base.php(530): Elementor\Controls_Stack->render_by_mode()
#6 /home3/xsn9lkex/embajadores.projectsw2t.net/wp-content/plug en /home3/xsn9lkex/embajadores.projectsw2t.net/wp-content/themes/vizeon/functions.php en la línea 372

2021-01-25T16:18:18+00:00 CRITICAL Uncaught Error: Class 'EmprendimientosStore' not found in /home3/xsn9lkex/embajadores.projectsw2t.net/wp-content/themes/vizeon/functions.php:347
Stack trace:
#0 /home3/xsn9lkex/embajadores.projectsw2t.net/wp-includes/shortcodes.php(343): emprendimientos_datatable_shortcode('', '', 'emprendimientos...')
#1 [internal function]: do_shortcode_tag(Array)
#2 /home3/xsn9lkex/embajadores.projectsw2t.net/wp-includes/shortcodes.php(218): preg_replace_callback('/\\[(\\[?)(empren...', 'do_shortcode_ta...', '<!doctype html>...')
#3 /home3/xsn9lkex/embajadores.projectsw2t.net/wp-content/plugins/elementor/includes/widgets/shortcode.php(130): do_shortcode('<!doctype html>...')
#4 /home3/xsn9lkex/embajadores.projectsw2t.net/wp-content/plugins/elementor/includes/base/controls-stack.php(1894): Elementor\Widget_Shortcode->render()
#5 /home3/xsn9lkex/embajadores.projectsw2t.net/wp-content/plugins/elementor/includes/base/widget-base.php(530): Elementor\Controls_Stack->render_by_mode()
#6 /home3/xsn9lkex/embajadores.projectsw2t.net en /home3/xsn9lkex/embajadores.projectsw2t.net/wp-content/themes/vizeon/functions.php en la línea 347

2021-01-25T16:18:44+00:00 CRITICAL Uncaught Error: Class 'EmprendimientosStore' not found in /home3/xsn9lkex/embajadores.projectsw2t.net/wp-content/themes/vizeon/functions.php:347
Stack trace:
#0 /home3/xsn9lkex/embajadores.projectsw2t.net/wp-includes/shortcodes.php(343): emprendimientos_datatable_shortcode('', '', 'emprendimientos...')
#1 [internal function]: do_shortcode_tag(Array)
#2 /home3/xsn9lkex/embajadores.projectsw2t.net/wp-includes/shortcodes.php(218): preg_replace_callback('/\\[(\\[?)(empren...', 'do_shortcode_ta...', '<!doctype html>...')
#3 /home3/xsn9lkex/embajadores.projectsw2t.net/wp-content/plugins/elementor/includes/widgets/shortcode.php(130): do_shortcode('<!doctype html>...')
#4 /home3/xsn9lkex/embajadores.projectsw2t.net/wp-content/plugins/elementor/includes/base/controls-stack.php(1894): Elementor\Widget_Shortcode->render()
#5 /home3/xsn9lkex/embajadores.projectsw2t.net/wp-content/plugins/elementor/includes/base/widget-base.php(530): Elementor\Controls_Stack->render_by_mode()
#6 /home3/xsn9lkex/embajadores.projectsw2t.net en /home3/xsn9lkex/embajadores.projectsw2t.net/wp-content/themes/vizeon/functions.php en la línea 347

